{"level":"error","message":"connect ECONNREFUSED 127.0.0.1:3306","timestamp":"2018-03-11T08:56:35.841Z"}
{"level":"error","message":"id is not defined","timestamp":"2018-03-11T14:09:20.407Z"}
{"level":"error","message":"id is not defined","timestamp":"2018-03-11T14:11:19.299Z"}
{"level":"error","message":"id is not defined","timestamp":"2018-03-11T14:12:51.978Z"}
{"level":"error","message":"HTTP ERROR id: 3 not found in user database","timestamp":"2018-03-11T14:19:35.390Z"}
{"level":"error","message":"err is not defined","timestamp":"2018-03-11T15:42:04.394Z"}
{"level":"error","message":"用户已存在","timestamp":"2018-03-11T15:42:27.209Z"}
{"level":"error","message":"用户已存在","timestamp":"2018-03-11T15:43:10.264Z"}
{"level":"error","message":"用户已存在","timestamp":"2018-03-11T15:49:34.381Z"}
{"level":"error","message":"用户已存在","timestamp":"2018-03-11T15:49:45.227Z"}
{"level":"error","message":"用户已存在","timestamp":"2018-03-11T15:50:57.659Z"}
{"level":"error","message":"crypto.pbkdf2Async is not a function","timestamp":"2018-03-11T15:51:31.433Z"}
{"level":"error","message":"notNull Violation: user.user_name cannot be null","timestamp":"2018-03-11T15:53:04.698Z"}
{"level":"error","message":"Data too long for column 'password' at row 1","timestamp":"2018-03-11T15:53:53.269Z"}
{"level":"error","message":"Data too long for column 'password' at row 1","timestamp":"2018-03-11T15:55:19.564Z"}
{"level":"error","message":"用户已存在","timestamp":"2018-03-11T15:55:54.454Z"}
{"level":"error","message":"用户名或密码错误","timestamp":"2018-03-11T16:08:55.922Z"}
{"level":"error","message":"用户名或密码错误","timestamp":"2018-03-11T16:09:05.763Z"}
{"level":"error","message":"用户名或密码错误","timestamp":"2018-03-11T16:09:15.104Z"}
{"level":"error","message":"用户名或密码错误","timestamp":"2018-03-11T16:09:43.009Z"}
{"level":"error","message":"用户名或密码错误","timestamp":"2018-03-11T16:10:22.853Z"}
{"level":"error","message":"用户名或密码错误","timestamp":"2018-03-11T16:11:02.690Z"}
{"level":"error","message":"用户名或密码错误","timestamp":"2018-03-11T16:11:51.364Z"}
{"level":"error","message":"用户名或密码错误","timestamp":"2018-03-11T16:13:27.793Z"}
{"level":"error","message":"用户名或密码错误","timestamp":"2018-03-11T16:13:59.994Z"}
{"level":"error","message":"Unknown encoding: sha256","timestamp":"2018-03-11T16:15:20.167Z"}
{"level":"error","message":"用户名或密码错误","timestamp":"2018-03-11T16:15:38.678Z"}
{"level":"error","message":"用户名或密码错误","timestamp":"2018-03-11T16:18:36.095Z"}
{"level":"error","message":"用户名或密码错误","timestamp":"2018-03-11T16:18:55.552Z"}
{"level":"error","message":"用户名或密码错误","timestamp":"2018-03-11T16:23:54.582Z"}
{"level":"error","message":"用户名或密码错误","timestamp":"2018-03-11T16:25:03.771Z"}
{"level":"error","message":"Incorrect string value: '\\xDBy\\x06[@\\x18...' for column 'password' at row 1","timestamp":"2018-03-11T16:28:18.394Z"}
{"level":"error","message":"Incorrect string value: '\\xDBy\\x06[@\\x18...' for column 'password' at row 1","timestamp":"2018-03-11T16:28:53.053Z"}
{"level":"error","message":"用户名或密码错误","timestamp":"2018-03-11T16:29:52.289Z"}
{"level":"error","message":"Unknown encoding: cp 1252","timestamp":"2018-03-11T16:30:49.099Z"}
{"level":"error","message":"Unknown encoding: cp 1252","timestamp":"2018-03-11T16:31:36.971Z"}
{"level":"error","message":"用户名或密码错误","timestamp":"2018-03-11T16:31:42.437Z"}
{"level":"error","message":"用户名或密码错误","timestamp":"2018-03-11T16:33:20.190Z"}
{"level":"error","message":"用户名或密码错误","timestamp":"2018-03-11T16:34:31.911Z"}
{"level":"error","message":"用户名或密码错误","timestamp":"2018-03-11T16:36:34.205Z"}
{"level":"error","message":"用户名或密码错误","timestamp":"2018-03-11T16:37:26.764Z"}
{"level":"error","message":"用户名或密码错误","timestamp":"2018-03-11T16:45:36.531Z"}
{"level":"error","message":"用户名或密码错误","timestamp":"2018-03-11T16:45:56.389Z"}
{"level":"error","message":"HTTP ERROR user_name not found: s23ss","timestamp":"2018-03-11T16:59:44.853Z"}
{"level":"error","message":"HTTP ERROR user_name not found: sss","timestamp":"2018-03-11T17:00:15.624Z"}
{"level":"error","message":"sss用户已存在","timestamp":"2018-03-11T17:01:23.695Z"}
{"message":"HTTP ERROR user_name not found: s23ss","stack":"Error: HTTP ERROR user_name not found: s23ss\n    at login (/Users/admin/Desktop/learn/koa-box/service/userInfoService.js:32:13)\n    at <anonymous>","httpStatusCode":404,"httpMsg":"用户不存在，请进行注册","errorCode":40400,"msg":"user_name not found: s23ss","level":"error","timestamp":"2018-03-11T17:02:33.728Z"}
