{"level":"info","message":"----服务启动成功，port: 8090----","timestamp":"2018-03-11T08:56:05.554Z"}
{"level":"error","message":"connect ECONNREFUSED 127.0.0.1:3306","timestamp":"2018-03-11T08:56:35.841Z"}
{"level":"info","message":"----服务启动成功，port: 8090----","timestamp":"2018-03-11T14:01:27.947Z"}
{"level":"info","message":"----服务启动成功，port: 8090----","timestamp":"2018-03-11T14:08:26.706Z"}
{"level":"error","message":"id is not defined","timestamp":"2018-03-11T14:09:20.407Z"}
{"level":"info","message":"----服务启动成功，port: 8090----","timestamp":"2018-03-11T14:09:41.588Z"}
{"level":"info","message":"----服务启动成功，port: 8090----","timestamp":"2018-03-11T14:09:46.189Z"}
{"level":"error","message":"id is not defined","timestamp":"2018-03-11T14:11:19.298Z"}
{"level":"info","message":"----服务启动成功，port: 8090----","timestamp":"2018-03-11T14:12:47.925Z"}
{"level":"error","message":"id is not defined","timestamp":"2018-03-11T14:12:51.977Z"}
{"level":"info","message":"----服务启动成功，port: 8090----","timestamp":"2018-03-11T14:19:32.952Z"}
{"level":"error","message":"HTTP ERROR id: 3 not found in user database","timestamp":"2018-03-11T14:19:35.390Z"}
{"level":"info","message":"----服务启动成功，port: 8090----","timestamp":"2018-03-11T14:38:38.778Z"}
{"level":"info","message":"----服务启动成功，port: 8090----","timestamp":"2018-03-11T14:39:37.732Z"}
{"level":"info","message":"----服务启动成功，port: 8090----","timestamp":"2018-03-11T14:42:43.766Z"}
{"level":"info","message":"----服务启动成功，port: 8090----","timestamp":"2018-03-11T14:46:43.632Z"}
{"level":"info","message":"----服务启动成功，port: 8090----","timestamp":"2018-03-11T14:52:33.339Z"}
{"level":"info","message":"----服务启动成功，port: 8090----","timestamp":"2018-03-11T14:54:37.681Z"}
{"level":"info","message":"----服务启动成功，port: 8090----","timestamp":"2018-03-11T15:32:38.595Z"}
{"level":"info","message":"----服务启动成功，port: 8090----","timestamp":"2018-03-11T15:38:41.570Z"}
{"level":"info","message":"----服务启动成功，port: 8090----","timestamp":"2018-03-11T15:42:01.415Z"}
{"level":"error","message":"err is not defined","timestamp":"2018-03-11T15:42:04.394Z"}
{"level":"info","message":"----服务启动成功，port: 8090----","timestamp":"2018-03-11T15:42:16.886Z"}
{"level":"error","message":"用户已存在","timestamp":"2018-03-11T15:42:27.208Z"}
{"level":"info","message":"----服务启动成功，port: 8090----","timestamp":"2018-03-11T15:43:08.071Z"}
{"level":"error","message":"用户已存在","timestamp":"2018-03-11T15:43:10.264Z"}
{"level":"error","message":"用户已存在","timestamp":"2018-03-11T15:49:34.381Z"}
{"level":"info","message":"----服务启动成功，port: 8090----","timestamp":"2018-03-11T15:49:42.473Z"}
{"level":"error","message":"用户已存在","timestamp":"2018-03-11T15:49:45.227Z"}
{"level":"info","message":"----服务启动成功，port: 8090----","timestamp":"2018-03-11T15:50:55.436Z"}
{"level":"error","message":"用户已存在","timestamp":"2018-03-11T15:50:57.658Z"}
{"level":"info","message":"----服务启动成功，port: 8090----","timestamp":"2018-03-11T15:51:29.212Z"}
{"level":"error","message":"crypto.pbkdf2Async is not a function","timestamp":"2018-03-11T15:51:31.433Z"}
{"level":"info","message":"----服务启动成功，port: 8090----","timestamp":"2018-03-11T15:52:46.942Z"}
{"level":"error","message":"notNull Violation: user.user_name cannot be null","timestamp":"2018-03-11T15:53:04.697Z"}
{"level":"info","message":"----服务启动成功，port: 8090----","timestamp":"2018-03-11T15:53:48.017Z"}
{"level":"error","message":"Data too long for column 'password' at row 1","timestamp":"2018-03-11T15:53:53.268Z"}
{"level":"error","message":"Data too long for column 'password' at row 1","timestamp":"2018-03-11T15:55:19.564Z"}
{"level":"info","message":"----服务启动成功，port: 8090----","timestamp":"2018-03-11T15:55:31.173Z"}
{"level":"info","message":"------用户zhaoluting注册成功--------","timestamp":"2018-03-11T15:55:40.470Z"}
{"level":"error","message":"用户已存在","timestamp":"2018-03-11T15:55:54.453Z"}
{"level":"info","message":"------用户liuwenshun注册成功--------","timestamp":"2018-03-11T15:56:44.831Z"}
{"level":"info","message":"------用户shujianguo注册成功--------","timestamp":"2018-03-11T15:56:54.990Z"}
{"level":"info","message":"------用户xugoudan注册成功--------","timestamp":"2018-03-11T15:57:29.765Z"}
{"level":"info","message":"----服务启动成功，port: 8090----","timestamp":"2018-03-11T16:08:52.909Z"}
{"level":"error","message":"用户名或密码错误","timestamp":"2018-03-11T16:08:55.922Z"}
{"level":"error","message":"用户名或密码错误","timestamp":"2018-03-11T16:09:05.762Z"}
{"level":"error","message":"用户名或密码错误","timestamp":"2018-03-11T16:09:15.104Z"}
{"level":"info","message":"----服务启动成功，port: 8090----","timestamp":"2018-03-11T16:09:40.595Z"}
{"level":"error","message":"用户名或密码错误","timestamp":"2018-03-11T16:09:43.009Z"}
{"level":"info","message":"----服务启动成功，port: 8090----","timestamp":"2018-03-11T16:10:20.769Z"}
{"level":"error","message":"用户名或密码错误","timestamp":"2018-03-11T16:10:22.853Z"}
{"level":"info","message":"----服务启动成功，port: 8090----","timestamp":"2018-03-11T16:10:55.185Z"}
{"level":"error","message":"用户名或密码错误","timestamp":"2018-03-11T16:11:02.690Z"}
{"level":"info","message":"----服务启动成功，port: 8090----","timestamp":"2018-03-11T16:11:49.020Z"}
{"level":"error","message":"用户名或密码错误","timestamp":"2018-03-11T16:11:51.363Z"}
{"level":"error","message":"用户名或密码错误","timestamp":"2018-03-11T16:13:27.793Z"}
{"level":"info","message":"----服务启动成功，port: 8090----","timestamp":"2018-03-11T16:13:57.630Z"}
{"level":"error","message":"用户名或密码错误","timestamp":"2018-03-11T16:13:59.994Z"}
{"level":"info","message":"----服务启动成功，port: 8090----","timestamp":"2018-03-11T16:15:18.345Z"}
{"level":"error","message":"Unknown encoding: sha256","timestamp":"2018-03-11T16:15:20.167Z"}
{"level":"info","message":"----服务启动成功，port: 8090----","timestamp":"2018-03-11T16:15:36.225Z"}
{"level":"error","message":"用户名或密码错误","timestamp":"2018-03-11T16:15:38.678Z"}
{"level":"info","message":"----服务启动成功，port: 8090----","timestamp":"2018-03-11T16:18:33.698Z"}
{"level":"error","message":"用户名或密码错误","timestamp":"2018-03-11T16:18:36.095Z"}
{"level":"info","message":"----服务启动成功，port: 8090----","timestamp":"2018-03-11T16:18:53.112Z"}
{"level":"error","message":"用户名或密码错误","timestamp":"2018-03-11T16:18:55.551Z"}
{"level":"info","message":"----服务启动成功，port: 8090----","timestamp":"2018-03-11T16:23:47.141Z"}
{"level":"error","message":"用户名或密码错误","timestamp":"2018-03-11T16:23:54.582Z"}
{"level":"info","message":"----服务启动成功，port: 8090----","timestamp":"2018-03-11T16:24:23.998Z"}
{"level":"info","message":"------用户lll注册成功--------","timestamp":"2018-03-11T16:24:35.723Z"}
{"level":"error","message":"用户名或密码错误","timestamp":"2018-03-11T16:25:03.770Z"}
{"level":"error","message":"Incorrect string value: '\\xDBy\\x06[@\\x18...' for column 'password' at row 1","timestamp":"2018-03-11T16:28:18.394Z"}
{"level":"error","message":"Incorrect string value: '\\xDBy\\x06[@\\x18...' for column 'password' at row 1","timestamp":"2018-03-11T16:28:53.053Z"}
{"level":"info","message":"------用户lll注册成功--------","timestamp":"2018-03-11T16:29:37.349Z"}
{"level":"error","message":"用户名或密码错误","timestamp":"2018-03-11T16:29:52.289Z"}
{"level":"info","message":"----服务启动成功，port: 8090----","timestamp":"2018-03-11T16:30:29.653Z"}
{"level":"info","message":"----服务启动成功，port: 8090----","timestamp":"2018-03-11T16:30:46.406Z"}
{"level":"error","message":"Unknown encoding: cp 1252","timestamp":"2018-03-11T16:30:49.098Z"}
{"level":"error","message":"Unknown encoding: cp 1252","timestamp":"2018-03-11T16:31:36.971Z"}
{"level":"info","message":"----服务启动成功，port: 8090----","timestamp":"2018-03-11T16:31:40.720Z"}
{"level":"error","message":"用户名或密码错误","timestamp":"2018-03-11T16:31:42.436Z"}
{"level":"info","message":"----服务启动成功，port: 8090----","timestamp":"2018-03-11T16:33:18.541Z"}
{"level":"error","message":"用户名或密码错误","timestamp":"2018-03-11T16:33:20.189Z"}
{"level":"info","message":"----服务启动成功，port: 8090----","timestamp":"2018-03-11T16:33:42.786Z"}
{"level":"info","message":"------用户llll注册成功--------","timestamp":"2018-03-11T16:34:03.807Z"}
{"level":"error","message":"用户名或密码错误","timestamp":"2018-03-11T16:34:31.911Z"}
{"level":"info","message":"----服务启动成功，port: 8090----","timestamp":"2018-03-11T16:36:31.484Z"}
{"level":"error","message":"用户名或密码错误","timestamp":"2018-03-11T16:36:34.205Z"}
{"level":"info","message":"----服务启动成功，port: 8090----","timestamp":"2018-03-11T16:37:24.296Z"}
{"level":"error","message":"用户名或密码错误","timestamp":"2018-03-11T16:37:26.764Z"}
{"level":"info","message":"------用户ss注册成功--------","timestamp":"2018-03-11T16:45:04.433Z"}
{"level":"info","message":"----服务启动成功，port: 8090----","timestamp":"2018-03-11T16:45:12.568Z"}
{"level":"info","message":"------用户sss注册成功--------","timestamp":"2018-03-11T16:45:18.651Z"}
{"level":"error","message":"用户名或密码错误","timestamp":"2018-03-11T16:45:36.531Z"}
{"level":"info","message":"----服务启动成功，port: 8090----","timestamp":"2018-03-11T16:45:53.704Z"}
{"level":"error","message":"用户名或密码错误","timestamp":"2018-03-11T16:45:56.389Z"}
{"level":"info","message":"----服务启动成功，port: 8090----","timestamp":"2018-03-11T16:59:41.348Z"}
{"level":"error","message":"HTTP ERROR user_name not found: s23ss","timestamp":"2018-03-11T16:59:44.853Z"}
{"level":"error","message":"HTTP ERROR user_name not found: sss","timestamp":"2018-03-11T17:00:15.624Z"}
{"level":"info","message":"----服务启动成功，port: 8090----","timestamp":"2018-03-11T17:01:21.187Z"}
{"level":"error","message":"sss用户已存在","timestamp":"2018-03-11T17:01:23.694Z"}
{"level":"info","message":"----服务启动成功，port: 8090----","timestamp":"2018-03-11T17:01:58.707Z"}
{"level":"info","message":"----服务启动成功，port: 8090----","timestamp":"2018-03-11T17:02:31.205Z"}
{"message":"HTTP ERROR user_name not found: s23ss","stack":"Error: HTTP ERROR user_name not found: s23ss\n    at login (/Users/admin/Desktop/learn/koa-box/service/userInfoService.js:32:13)\n    at <anonymous>","httpStatusCode":404,"httpMsg":"用户不存在，请进行注册","errorCode":40400,"msg":"user_name not found: s23ss","level":"error","timestamp":"2018-03-11T17:02:33.728Z"}
